Arguments: 
  /usr/local/bin/node /usr/local/bin/yarn

PATH: 
  /Library/Frameworks/Python.framework/Versions/3.5/bin:/Library/Frameworks/Python.framework/Versions/3.5/bin:/Library/Frameworks/Python.framework/Versions/3.4/bin:/usr/local/opt/android-sdk/tools:/usr/local/opt/android-sdk/platform-tools:/usr/local/bin:/usr/bin:/bin:/usr/sbin:/sbin:/opt/X11/bin:/Users/waldo/.bin

Yarn version: 
  0.27.5

Node version: 
  8.0.0

Platform: 
  darwin x64

npm manifest: 
  {
    "name": "react-nimiq",
    "version": "0.0.1",
    "description": "Put a description here",
    "main": "build/index.js",
    "peerDependencies": {
      "react": "^15.5.4"
    },
    "dependencies": {
      "react": "^15.5.4",
      "webpack": "^2.6.1"
    },
    "scripts": {
      "test": "echo \"Error: no test specified\" && exit 1",
      "start": "webpack --watch",
      "build": "webpack",
    },
    "author": {
      "name": "Your name",
      "email": "your email"
    },
    "devDependencies": {
      "babel-cli": "^6.24.1",
      "babel-core": "^6.24.1",
      "babel-loader": "^7.0.0",
      "babel-plugin-transform-object-rest-spread": "^6.23.0",
      "babel-plugin-transform-react-jsx": "^6.24.1",
      "babel-preset-env": "^1.5.1"
    }
  }

yarn manifest: 
  No manifest

Lockfile: 
  No lockfile

Trace: 
  SyntaxError: /Users/waldo/WebStorm/react-nimiq/package.json: Unexpected token } in JSON at position 377
      at JSON.parse (<anonymous>)
      at /usr/local/lib/node_modules/yarn/lib/util/fs.js:554:57
      at Generator.next (<anonymous>)
      at step (/usr/local/lib/node_modules/yarn/node_modules/babel-runtime/helpers/asyncToGenerator.js:17:30)
      at /usr/local/lib/node_modules/yarn/node_modules/babel-runtime/helpers/asyncToGenerator.js:28:13
      at <anonymous>
